  main.cpp
c:\users\felipe l\desktop\u-tad\lua\practica6\scripting\pacman\pacman\main.cpp(51): warning C4244: '=': conversión de 'lua_Number' a 'int'; posible pérdida de datos
c:\users\felipe l\desktop\u-tad\lua\practica6\scripting\pacman\pacman\main.cpp(52): warning C4244: '=': conversión de 'lua_Number' a 'int'; posible pérdida de datos
c:\users\felipe l\desktop\u-tad\lua\practica6\scripting\pacman\pacman\main.cpp(53): warning C4244: '=': conversión de 'lua_Number' a 'int'; posible pérdida de datos
c:\users\felipe l\desktop\u-tad\lua\practica6\scripting\pacman\pacman\main.cpp(54): warning C4244: '=': conversión de 'lua_Number' a 'float'; posible pérdida de datos
c:\users\felipe l\desktop\u-tad\lua\practica6\scripting\pacman\pacman\main.cpp(55): warning C4244: '=': conversión de 'lua_Number' a 'float'; posible pérdida de datos
c:\users\felipe l\desktop\u-tad\lua\practica6\scripting\pacman\pacman\main.cpp(56): warning C4244: '=': conversión de 'lua_Number' a 'float'; posible pérdida de datos
c:\users\felipe l\desktop\u-tad\lua\practica6\scripting\pacman\pacman\main.cpp(57): warning C4244: '=': conversión de 'lua_Number' a 'float'; posible pérdida de datos
c:\users\felipe l\desktop\u-tad\lua\practica6\scripting\pacman\pacman\main.cpp(58): warning C4244: '=': conversión de 'lua_Number' a 'float'; posible pérdida de datos
c:\users\felipe l\desktop\u-tad\lua\practica6\scripting\pacman\pacman\main.cpp(92): warning C4244: 'argumento': conversión de 'float' a 'unsigned char'; posible pérdida de datos
c:\users\felipe l\desktop\u-tad\lua\practica6\scripting\pacman\pacman\main.cpp(93): warning C4244: 'argumento': conversión de 'float' a 'int'; posible pérdida de datos
  libjpeg-static-mt-debug.lib(jerror.obj) : se encontró .netmodule MSIL o un módulo compilado con /GL; reiniciando la vinculación con /LTCG; agregue /LTCG a la línea de comandos de vínculo para mejorar el rendimiento del vinculador
LINK : warning LNK4075: se omite '/INCREMENTAL' debido a la especificaci¾n '/LTCG'
LINK : warning LNK4098: la biblioteca predeterminada'LIBCMT' entra en conflicto con otras bibliotecas; use la biblioteca /NODEFAULTLIB:biblioteca
  Generando c¾digo
  Generaci¾n de c¾digo finalizada
libjpeg-static-mt-debug.lib(jerror.obj) : warning LNK4099: no se encontr¾ PDB 'jpeg.pdb' con 'libjpeg-static-mt-debug.lib(jerror.obj)' o en 'C:\Users\Felipe L\Desktop\U-Tad\LUA\Practica6\scripting\pacman\pacman\Debug\jpeg.pdb'; se vincularß el objeto sin tener en cuenta informaci¾n de depuraci¾n
libjpeg-static-mt-debug.lib(jcapimin.obj) : warning LNK4099: no se encontr¾ PDB 'jpeg.pdb' con 'libjpeg-static-mt-debug.lib(jcapimin.obj)' o en 'C:\Users\Felipe L\Desktop\U-Tad\LUA\Practica6\scripting\pacman\pacman\Debug\jpeg.pdb'; se vincularß el objeto sin tener en cuenta informaci¾n de depuraci¾n
libjpeg-static-mt-debug.lib(jcparam.obj) : warning LNK4099: no se encontr¾ PDB 'jpeg.pdb' con 'libjpeg-static-mt-debug.lib(jcparam.obj)' o en 'C:\Users\Felipe L\Desktop\U-Tad\LUA\Practica6\scripting\pacman\pacman\Debug\jpeg.pdb'; se vincularß el objeto sin tener en cuenta informaci¾n de depuraci¾n
libjpeg-static-mt-debug.lib(jcapistd.obj) : warning LNK4099: no se encontr¾ PDB 'jpeg.pdb' con 'libjpeg-static-mt-debug.lib(jcapistd.obj)' o en 'C:\Users\Felipe L\Desktop\U-Tad\LUA\Practica6\scripting\pacman\pacman\Debug\jpeg.pdb'; se vincularß el objeto sin tener en cuenta informaci¾n de depuraci¾n
libjpeg-static-mt-debug.lib(jcomapi.obj) : warning LNK4099: no se encontr¾ PDB 'jpeg.pdb' con 'libjpeg-static-mt-debug.lib(jcomapi.obj)' o en 'C:\Users\Felipe L\Desktop\U-Tad\LUA\Practica6\scripting\pacman\pacman\Debug\jpeg.pdb'; se vincularß el objeto sin tener en cuenta informaci¾n de depuraci¾n
libjpeg-static-mt-debug.lib(jutils.obj) : warning LNK4099: no se encontr¾ PDB 'jpeg.pdb' con 'libjpeg-static-mt-debug.lib(jutils.obj)' o en 'C:\Users\Felipe L\Desktop\U-Tad\LUA\Practica6\scripting\pacman\pacman\Debug\jpeg.pdb'; se vincularß el objeto sin tener en cuenta informaci¾n de depuraci¾n
libjpeg-static-mt-debug.lib(jmemmgr.obj) : warning LNK4099: no se encontr¾ PDB 'jpeg.pdb' con 'libjpeg-static-mt-debug.lib(jmemmgr.obj)' o en 'C:\Users\Felipe L\Desktop\U-Tad\LUA\Practica6\scripting\pacman\pacman\Debug\jpeg.pdb'; se vincularß el objeto sin tener en cuenta informaci¾n de depuraci¾n
libjpeg-static-mt-debug.lib(jcmarker.obj) : warning LNK4099: no se encontr¾ PDB 'jpeg.pdb' con 'libjpeg-static-mt-debug.lib(jcmarker.obj)' o en 'C:\Users\Felipe L\Desktop\U-Tad\LUA\Practica6\scripting\pacman\pacman\Debug\jpeg.pdb'; se vincularß el objeto sin tener en cuenta informaci¾n de depuraci¾n
libjpeg-static-mt-debug.lib(jcinit.obj) : warning LNK4099: no se encontr¾ PDB 'jpeg.pdb' con 'libjpeg-static-mt-debug.lib(jcinit.obj)' o en 'C:\Users\Felipe L\Desktop\U-Tad\LUA\Practica6\scripting\pacman\pacman\Debug\jpeg.pdb'; se vincularß el objeto sin tener en cuenta informaci¾n de depuraci¾n
libjpeg-static-mt-debug.lib(jmemnobs.obj) : warning LNK4099: no se encontr¾ PDB 'jpeg.pdb' con 'libjpeg-static-mt-debug.lib(jmemnobs.obj)' o en 'C:\Users\Felipe L\Desktop\U-Tad\LUA\Practica6\scripting\pacman\pacman\Debug\jpeg.pdb'; se vincularß el objeto sin tener en cuenta informaci¾n de depuraci¾n
libjpeg-static-mt-debug.lib(jcarith.obj) : warning LNK4099: no se encontr¾ PDB 'jpeg.pdb' con 'libjpeg-static-mt-debug.lib(jcarith.obj)' o en 'C:\Users\Felipe L\Desktop\U-Tad\LUA\Practica6\scripting\pacman\pacman\Debug\jpeg.pdb'; se vincularß el objeto sin tener en cuenta informaci¾n de depuraci¾n
libjpeg-static-mt-debug.lib(jcprepct.obj) : warning LNK4099: no se encontr¾ PDB 'jpeg.pdb' con 'libjpeg-static-mt-debug.lib(jcprepct.obj)' o en 'C:\Users\Felipe L\Desktop\U-Tad\LUA\Practica6\scripting\pacman\pacman\Debug\jpeg.pdb'; se vincularß el objeto sin tener en cuenta informaci¾n de depuraci¾n
libjpeg-static-mt-debug.lib(jcsample.obj) : warning LNK4099: no se encontr¾ PDB 'jpeg.pdb' con 'libjpeg-static-mt-debug.lib(jcsample.obj)' o en 'C:\Users\Felipe L\Desktop\U-Tad\LUA\Practica6\scripting\pacman\pacman\Debug\jpeg.pdb'; se vincularß el objeto sin tener en cuenta informaci¾n de depuraci¾n
libjpeg-static-mt-debug.lib(jcmainct.obj) : warning LNK4099: no se encontr¾ PDB 'jpeg.pdb' con 'libjpeg-static-mt-debug.lib(jcmainct.obj)' o en 'C:\Users\Felipe L\Desktop\U-Tad\LUA\Practica6\scripting\pacman\pacman\Debug\jpeg.pdb'; se vincularß el objeto sin tener en cuenta informaci¾n de depuraci¾n
libjpeg-static-mt-debug.lib(jcmaster.obj) : warning LNK4099: no se encontr¾ PDB 'jpeg.pdb' con 'libjpeg-static-mt-debug.lib(jcmaster.obj)' o en 'C:\Users\Felipe L\Desktop\U-Tad\LUA\Practica6\scripting\pacman\pacman\Debug\jpeg.pdb'; se vincularß el objeto sin tener en cuenta informaci¾n de depuraci¾n
libjpeg-static-mt-debug.lib(jccoefct.obj) : warning LNK4099: no se encontr¾ PDB 'jpeg.pdb' con 'libjpeg-static-mt-debug.lib(jccoefct.obj)' o en 'C:\Users\Felipe L\Desktop\U-Tad\LUA\Practica6\scripting\pacman\pacman\Debug\jpeg.pdb'; se vincularß el objeto sin tener en cuenta informaci¾n de depuraci¾n
libjpeg-static-mt-debug.lib(jccolor.obj) : warning LNK4099: no se encontr¾ PDB 'jpeg.pdb' con 'libjpeg-static-mt-debug.lib(jccolor.obj)' o en 'C:\Users\Felipe L\Desktop\U-Tad\LUA\Practica6\scripting\pacman\pacman\Debug\jpeg.pdb'; se vincularß el objeto sin tener en cuenta informaci¾n de depuraci¾n
libjpeg-static-mt-debug.lib(jchuff.obj) : warning LNK4099: no se encontr¾ PDB 'jpeg.pdb' con 'libjpeg-static-mt-debug.lib(jchuff.obj)' o en 'C:\Users\Felipe L\Desktop\U-Tad\LUA\Practica6\scripting\pacman\pacman\Debug\jpeg.pdb'; se vincularß el objeto sin tener en cuenta informaci¾n de depuraci¾n
libjpeg-static-mt-debug.lib(jcdctmgr.obj) : warning LNK4099: no se encontr¾ PDB 'jpeg.pdb' con 'libjpeg-static-mt-debug.lib(jcdctmgr.obj)' o en 'C:\Users\Felipe L\Desktop\U-Tad\LUA\Practica6\scripting\pacman\pacman\Debug\jpeg.pdb'; se vincularß el objeto sin tener en cuenta informaci¾n de depuraci¾n
libjpeg-static-mt-debug.lib(jaricom.obj) : warning LNK4099: no se encontr¾ PDB 'jpeg.pdb' con 'libjpeg-static-mt-debug.lib(jaricom.obj)' o en 'C:\Users\Felipe L\Desktop\U-Tad\LUA\Practica6\scripting\pacman\pacman\Debug\jpeg.pdb'; se vincularß el objeto sin tener en cuenta informaci¾n de depuraci¾n
libjpeg-static-mt-debug.lib(jfdctint.obj) : warning LNK4099: no se encontr¾ PDB 'jpeg.pdb' con 'libjpeg-static-mt-debug.lib(jfdctint.obj)' o en 'C:\Users\Felipe L\Desktop\U-Tad\LUA\Practica6\scripting\pacman\pacman\Debug\jpeg.pdb'; se vincularß el objeto sin tener en cuenta informaci¾n de depuraci¾n
libjpeg-static-mt-debug.lib(jfdctfst.obj) : warning LNK4099: no se encontr¾ PDB 'jpeg.pdb' con 'libjpeg-static-mt-debug.lib(jfdctfst.obj)' o en 'C:\Users\Felipe L\Desktop\U-Tad\LUA\Practica6\scripting\pacman\pacman\Debug\jpeg.pdb'; se vincularß el objeto sin tener en cuenta informaci¾n de depuraci¾n
libjpeg-static-mt-debug.lib(jfdctflt.obj) : warning LNK4099: no se encontr¾ PDB 'jpeg.pdb' con 'libjpeg-static-mt-debug.lib(jfdctflt.obj)' o en 'C:\Users\Felipe L\Desktop\U-Tad\LUA\Practica6\scripting\pacman\pacman\Debug\jpeg.pdb'; se vincularß el objeto sin tener en cuenta informaci¾n de depuraci¾n
libpng-static-mt-debug.lib(pngwrite.obj) : warning LNK4099: no se encontr¾ PDB 'libpng.pdb' con 'libpng-static-mt-debug.lib(pngwrite.obj)' o en 'C:\Users\Felipe L\Desktop\U-Tad\LUA\Practica6\scripting\pacman\pacman\Debug\libpng.pdb'; se vincularß el objeto sin tener en cuenta informaci¾n de depuraci¾n
libpng-static-mt-debug.lib(png.obj) : warning LNK4099: no se encontr¾ PDB 'libpng.pdb' con 'libpng-static-mt-debug.lib(png.obj)' o en 'C:\Users\Felipe L\Desktop\U-Tad\LUA\Practica6\scripting\pacman\pacman\Debug\libpng.pdb'; se vincularß el objeto sin tener en cuenta informaci¾n de depuraci¾n
libpng-static-mt-debug.lib(pngwio.obj) : warning LNK4099: no se encontr¾ PDB 'libpng.pdb' con 'libpng-static-mt-debug.lib(pngwio.obj)' o en 'C:\Users\Felipe L\Desktop\U-Tad\LUA\Practica6\scripting\pacman\pacman\Debug\libpng.pdb'; se vincularß el objeto sin tener en cuenta informaci¾n de depuraci¾n
libpng-static-mt-debug.lib(pngrio.obj) : warning LNK4099: no se encontr¾ PDB 'libpng.pdb' con 'libpng-static-mt-debug.lib(pngrio.obj)' o en 'C:\Users\Felipe L\Desktop\U-Tad\LUA\Practica6\scripting\pacman\pacman\Debug\libpng.pdb'; se vincularß el objeto sin tener en cuenta informaci¾n de depuraci¾n
libpng-static-mt-debug.lib(pngset.obj) : warning LNK4099: no se encontr¾ PDB 'libpng.pdb' con 'libpng-static-mt-debug.lib(pngset.obj)' o en 'C:\Users\Felipe L\Desktop\U-Tad\LUA\Practica6\scripting\pacman\pacman\Debug\libpng.pdb'; se vincularß el objeto sin tener en cuenta informaci¾n de depuraci¾n
libpng-static-mt-debug.lib(pngread.obj) : warning LNK4099: no se encontr¾ PDB 'libpng.pdb' con 'libpng-static-mt-debug.lib(pngread.obj)' o en 'C:\Users\Felipe L\Desktop\U-Tad\LUA\Practica6\scripting\pacman\pacman\Debug\libpng.pdb'; se vincularß el objeto sin tener en cuenta informaci¾n de depuraci¾n
libpng-static-mt-debug.lib(pngrtran.obj) : warning LNK4099: no se encontr¾ PDB 'libpng.pdb' con 'libpng-static-mt-debug.lib(pngrtran.obj)' o en 'C:\Users\Felipe L\Desktop\U-Tad\LUA\Practica6\scripting\pacman\pacman\Debug\libpng.pdb'; se vincularß el objeto sin tener en cuenta informaci¾n de depuraci¾n
libpng-static-mt-debug.lib(pngget.obj) : warning LNK4099: no se encontr¾ PDB 'libpng.pdb' con 'libpng-static-mt-debug.lib(pngget.obj)' o en 'C:\Users\Felipe L\Desktop\U-Tad\LUA\Practica6\scripting\pacman\pacman\Debug\libpng.pdb'; se vincularß el objeto sin tener en cuenta informaci¾n de depuraci¾n
libpng-static-mt-debug.lib(pngerror.obj) : warning LNK4099: no se encontr¾ PDB 'libpng.pdb' con 'libpng-static-mt-debug.lib(pngerror.obj)' o en 'C:\Users\Felipe L\Desktop\U-Tad\LUA\Practica6\scripting\pacman\pacman\Debug\libpng.pdb'; se vincularß el objeto sin tener en cuenta informaci¾n de depuraci¾n
libpng-static-mt-debug.lib(pngwutil.obj) : warning LNK4099: no se encontr¾ PDB 'libpng.pdb' con 'libpng-static-mt-debug.lib(pngwutil.obj)' o en 'C:\Users\Felipe L\Desktop\U-Tad\LUA\Practica6\scripting\pacman\pacman\Debug\libpng.pdb'; se vincularß el objeto sin tener en cuenta informaci¾n de depuraci¾n
libpng-static-mt-debug.lib(pngtrans.obj) : warning LNK4099: no se encontr¾ PDB 'libpng.pdb' con 'libpng-static-mt-debug.lib(pngtrans.obj)' o en 'C:\Users\Felipe L\Desktop\U-Tad\LUA\Practica6\scripting\pacman\pacman\Debug\libpng.pdb'; se vincularß el objeto sin tener en cuenta informaci¾n de depuraci¾n
libpng-static-mt-debug.lib(pngwtran.obj) : warning LNK4099: no se encontr¾ PDB 'libpng.pdb' con 'libpng-static-mt-debug.lib(pngwtran.obj)' o en 'C:\Users\Felipe L\Desktop\U-Tad\LUA\Practica6\scripting\pacman\pacman\Debug\libpng.pdb'; se vincularß el objeto sin tener en cuenta informaci¾n de depuraci¾n
libpng-static-mt-debug.lib(pngmem.obj) : warning LNK4099: no se encontr¾ PDB 'libpng.pdb' con 'libpng-static-mt-debug.lib(pngmem.obj)' o en 'C:\Users\Felipe L\Desktop\U-Tad\LUA\Practica6\scripting\pacman\pacman\Debug\libpng.pdb'; se vincularß el objeto sin tener en cuenta informaci¾n de depuraci¾n
libpng-static-mt-debug.lib(pngrutil.obj) : warning LNK4099: no se encontr¾ PDB 'libpng.pdb' con 'libpng-static-mt-debug.lib(pngrutil.obj)' o en 'C:\Users\Felipe L\Desktop\U-Tad\LUA\Practica6\scripting\pacman\pacman\Debug\libpng.pdb'; se vincularß el objeto sin tener en cuenta informaci¾n de depuraci¾n
pacman_libd.lib(application.obj) : warning LNK4099: no se encontr¾ PDB 'pacman_lib.pdb' con 'pacman_libd.lib(application.obj)' o en 'C:\Users\Felipe L\Desktop\U-Tad\LUA\Practica6\scripting\pacman\pacman\Debug\pacman_lib.pdb'; se vincularß el objeto sin tener en cuenta informaci¾n de depuraci¾n
pacman_libd.lib(fontblowup.obj) : warning LNK4099: no se encontr¾ PDB 'pacman_lib.pdb' con 'pacman_libd.lib(fontblowup.obj)' o en 'C:\Users\Felipe L\Desktop\U-Tad\LUA\Practica6\scripting\pacman\pacman\Debug\pacman_lib.pdb'; se vincularß el objeto sin tener en cuenta informaci¾n de depuraci¾n
pacman_libd.lib(gameobject_ghost.obj) : warning LNK4099: no se encontr¾ PDB 'pacman_lib.pdb' con 'pacman_libd.lib(gameobject_ghost.obj)' o en 'C:\Users\Felipe L\Desktop\U-Tad\LUA\Practica6\scripting\pacman\pacman\Debug\pacman_lib.pdb'; se vincularß el objeto sin tener en cuenta informaci¾n de depuraci¾n
pacman_libd.lib(gameobject_moving.obj) : warning LNK4099: no se encontr¾ PDB 'pacman_lib.pdb' con 'pacman_libd.lib(gameobject_moving.obj)' o en 'C:\Users\Felipe L\Desktop\U-Tad\LUA\Practica6\scripting\pacman\pacman\Debug\pacman_lib.pdb'; se vincularß el objeto sin tener en cuenta informaci¾n de depuraci¾n
pacman_libd.lib(gameobject_pacman.obj) : warning LNK4099: no se encontr¾ PDB 'pacman_lib.pdb' con 'pacman_libd.lib(gameobject_pacman.obj)' o en 'C:\Users\Felipe L\Desktop\U-Tad\LUA\Practica6\scripting\pacman\pacman\Debug\pacman_lib.pdb'; se vincularß el objeto sin tener en cuenta informaci¾n de depuraci¾n
pacman_libd.lib(map.obj) : warning LNK4099: no se encontr¾ PDB 'pacman_lib.pdb' con 'pacman_libd.lib(map.obj)' o en 'C:\Users\Felipe L\Desktop\U-Tad\LUA\Practica6\scripting\pacman\pacman\Debug\pacman_lib.pdb'; se vincularß el objeto sin tener en cuenta informaci¾n de depuraci¾n
pacman_libd.lib(program.obj) : warning LNK4099: no se encontr¾ PDB 'pacman_lib.pdb' con 'pacman_libd.lib(program.obj)' o en 'C:\Users\Felipe L\Desktop\U-Tad\LUA\Practica6\scripting\pacman\pacman\Debug\pacman_lib.pdb'; se vincularß el objeto sin tener en cuenta informaci¾n de depuraci¾n
pacman_libd.lib(utils.obj) : warning LNK4099: no se encontr¾ PDB 'pacman_lib.pdb' con 'pacman_libd.lib(utils.obj)' o en 'C:\Users\Felipe L\Desktop\U-Tad\LUA\Practica6\scripting\pacman\pacman\Debug\pacman_lib.pdb'; se vincularß el objeto sin tener en cuenta informaci¾n de depuraci¾n
pacman_libd.lib(world.obj) : warning LNK4099: no se encontr¾ PDB 'pacman_lib.pdb' con 'pacman_libd.lib(world.obj)' o en 'C:\Users\Felipe L\Desktop\U-Tad\LUA\Practica6\scripting\pacman\pacman\Debug\pacman_lib.pdb'; se vincularß el objeto sin tener en cuenta informaci¾n de depuraci¾n
zlib-static-mt-debug.lib(adler32.obj) : warning LNK4099: no se encontr¾ PDB 'zlib.pdb' con 'zlib-static-mt-debug.lib(adler32.obj)' o en 'C:\Users\Felipe L\Desktop\U-Tad\LUA\Practica6\scripting\pacman\pacman\Debug\zlib.pdb'; se vincularß el objeto sin tener en cuenta informaci¾n de depuraci¾n
zlib-static-mt-debug.lib(crc32.obj) : warning LNK4099: no se encontr¾ PDB 'zlib.pdb' con 'zlib-static-mt-debug.lib(crc32.obj)' o en 'C:\Users\Felipe L\Desktop\U-Tad\LUA\Practica6\scripting\pacman\pacman\Debug\zlib.pdb'; se vincularß el objeto sin tener en cuenta informaci¾n de depuraci¾n
zlib-static-mt-debug.lib(deflate.obj) : warning LNK4099: no se encontr¾ PDB 'zlib.pdb' con 'zlib-static-mt-debug.lib(deflate.obj)' o en 'C:\Users\Felipe L\Desktop\U-Tad\LUA\Practica6\scripting\pacman\pacman\Debug\zlib.pdb'; se vincularß el objeto sin tener en cuenta informaci¾n de depuraci¾n
zlib-static-mt-debug.lib(inffast.obj) : warning LNK4099: no se encontr¾ PDB 'zlib.pdb' con 'zlib-static-mt-debug.lib(inffast.obj)' o en 'C:\Users\Felipe L\Desktop\U-Tad\LUA\Practica6\scripting\pacman\pacman\Debug\zlib.pdb'; se vincularß el objeto sin tener en cuenta informaci¾n de depuraci¾n
zlib-static-mt-debug.lib(inflate.obj) : warning LNK4099: no se encontr¾ PDB 'zlib.pdb' con 'zlib-static-mt-debug.lib(inflate.obj)' o en 'C:\Users\Felipe L\Desktop\U-Tad\LUA\Practica6\scripting\pacman\pacman\Debug\zlib.pdb'; se vincularß el objeto sin tener en cuenta informaci¾n de depuraci¾n
zlib-static-mt-debug.lib(inftrees.obj) : warning LNK4099: no se encontr¾ PDB 'zlib.pdb' con 'zlib-static-mt-debug.lib(inftrees.obj)' o en 'C:\Users\Felipe L\Desktop\U-Tad\LUA\Practica6\scripting\pacman\pacman\Debug\zlib.pdb'; se vincularß el objeto sin tener en cuenta informaci¾n de depuraci¾n
zlib-static-mt-debug.lib(trees.obj) : warning LNK4099: no se encontr¾ PDB 'zlib.pdb' con 'zlib-static-mt-debug.lib(trees.obj)' o en 'C:\Users\Felipe L\Desktop\U-Tad\LUA\Practica6\scripting\pacman\pacman\Debug\zlib.pdb'; se vincularß el objeto sin tener en cuenta informaci¾n de depuraci¾n
zlib-static-mt-debug.lib(zutil.obj) : warning LNK4099: no se encontr¾ PDB 'zlib.pdb' con 'zlib-static-mt-debug.lib(zutil.obj)' o en 'C:\Users\Felipe L\Desktop\U-Tad\LUA\Practica6\scripting\pacman\pacman\Debug\zlib.pdb'; se vincularß el objeto sin tener en cuenta informaci¾n de depuraci¾n
  pacman.vcxproj -> C:\Users\Felipe L\Desktop\U-Tad\LUA\Practica6\scripting\pacman\pacman\Debug\pacman.exe
